This is LuaHBTeX, Version 1.15.0 (TeX Live 2022/Debian)  (format=lualatex 2023.4.17)  29 APR 2023 22:25
 system commands enabled.
**ch2.tex
(./ch2.tex
LaTeX2e <2022-11-01> patch level 1
Lua module: luaotfload 2022-10-03 3.23 Lua based OpenType font support
Lua module: lualibs 2022-10-04 2.75 ConTeXt Lua standard libraries.
Lua module: lualibs-extended 2022-10-04 2.75 ConTeXt Lua libraries -- extended c
ollection.
luaotfload | conf : Root cache directory is "/home/wx672/.texlive2022/texmf-var/
luatex-cache/generic/names".
luaotfload | init : Loading fontloader "fontloader-2022-10-03.lua" from kpse-res
olved path "/usr/share/texlive/texmf-dist/tex/luatex/luaotfload/fontloader-2022-
10-03.lua".
Lua-only attribute luaotfload@noligature = 1
luaotfload | init : Context OpenType loader version 3.120
Inserting `luaotfload.node_processor' in `pre_linebreak_filter'.
Inserting `luaotfload.node_processor' in `hpack_filter'.
Inserting `luaotfload.glyph_stream' in `glyph_stream_provider'.
Inserting `luaotfload.define_font' in `define_font'.
Lua-only attribute luaotfload_color_attribute = 2
luaotfload | conf : Root cache directory is "/home/wx672/.texlive2022/texmf-var/
luatex-cache/generic/names".
Inserting `luaotfload.harf.strip_prefix' in `find_opentype_file'.
Inserting `luaotfload.harf.strip_prefix' in `find_truetype_file'.
Removing  `luaotfload.glyph_stream' from `glyph_stream_provider'.
Inserting `luaotfload.harf.glyphstream' in `glyph_stream_provider'.
Inserting `luaotfload.harf.finalize_vlist' in `post_linebreak_filter'.
Inserting `luaotfload.harf.finalize_hlist' in `hpack_filter'.
Inserting `luaotfload.cleanup_files' in `wrapup_run'.
Inserting `luaotfload.harf.finalize_unicode' in `finish_pdffile'.
Inserting `luaotfload.glyphinfo' in `glyph_info'.
Lua-only attribute luaotfload.letterspace_done = 3
Inserting `luaotfload.aux.set_sscale_dimens' in `luaotfload.patch_font'.
Inserting `luaotfload.aux.set_font_index' in `luaotfload.patch_font'.
Inserting `luaotfload.aux.patch_cambria_domh' in `luaotfload.patch_font'.
Inserting `luaotfload.aux.fixup_fontdata' in `luaotfload.patch_font_unsafe'.
Inserting `luaotfload.aux.set_capheight' in `luaotfload.patch_font'.
Inserting `luaotfload.aux.set_xheight' in `luaotfload.patch_font'.
Inserting `luaotfload.rewrite_fontname' in `luaotfload.patch_font'. L3 programm
ing layer <2023-01-16>
Inserting `tracingstacklevels' in `input_level_string'.
! Undefined control sequence.
l.1 \chapter
          {操作系统的启动过程}
The control sequence at the end of the top line
of your error message was never \def'ed. If you have
misspelled it (e.g., `\hobx'), type `I' and the correct
spelling (e.g., `I\hbox'). Otherwise just continue,
and I'll forget about whatever was undefined.


! LaTeX Error: Missing \begin{document}.

See the LaTeX manual or LaTeX Companion for explanation.
Type  H <return>  for immediate help.
 ...                                              
                                                  
l.1 \chapter{操
              作系统的启动过程}
You're in trouble here.  Try typing  <return>  to proceed.
If that doesn't work, type  X <return>  to quit.


Overfull \hbox (20.0pt too wide) in paragraph at lines 1--2
[]操作系统的启动过程 
 []

! Undefined control sequence.
l.3 \section
          {基本输入输出系统（BIOS）}
The control sequence at the end of the top line
of your error message was never \def'ed. If you have
misspelled it (e.g., `\hobx'), type `I' and the correct
spelling (e.g., `I\hbox'). Otherwise just continue,
and I'll forget about whatever was undefined.


! LaTeX Error: Missing \begin{document}.

See the LaTeX manual or LaTeX Companion for explanation.
Type  H <return>  for immediate help.
 ...                                              
                                                  
l.3 \section{基
              本输入输出系统（BIOS）}
You're in trouble here.  Try typing  <return>  to proceed.
If that doesn't work, type  X <return>  to quit.

\citation{zg2016}
luaotfload | db : Font names database loaded from /home/wx672/.texlive2022/texmf
-var/luatex-cache/generic/names/luaotfload-names.luc.gz
! Undefined control sequence.
<write> ... Warning: Citation `\@citeb ' on page \thepage 
                                                  \space undefined\on@line .
l.7 （ROM）\cite{zg2016}
                        。在计算机通电瞬间，如图\ref{fig:img2-1}...
The control sequence at the end of the top line
of your error message was never \def'ed. If you have
misspelled it (e.g., `\hobx'), type `I' and the correct
spelling (e.g., `I\hbox'). Otherwise just continue,
and I'll forget about whatever was undefined.


LaTeX Warning: Citation `zg2016' on page  undefined on input line 7.

! Undefined control sequence.
<write> ...rning: Reference `fig:img2-1' on page \thepage 
                                                  \space undefined\on@line .
l.7 ...算机通电瞬间，如图\ref{fig:img2-1}
                                                  所示，
The control sequence at the end of the top line
of your error message was never \def'ed. If you have
misspelled it (e.g., `\hobx'), type `I' and the correct
spelling (e.g., `I\hbox'). Otherwise just continue,
and I'll forget about whatever was undefined.


LaTeX Warning: Reference `fig:img2-1' on page  undefined on input line 7.


Overfull \hbox (20.0pt too wide) in paragraph at lines 3--8
[]基本输入输出系统（BIOS）
 []


Overfull \hbox (16.28998pt too wide) in paragraph at lines 3--8
（ROM）[[]]。在计算机通电瞬间，如图[]所示， 
 []


! LaTeX Error: Environment figure undefined.

See the LaTeX manual or LaTeX Companion for explanation.
Type  H <return>  for immediate help.
 ...                                              
                                                  
l.9 \begin{figure}
                [H]
Your command was ignored.
Type  I <command> <return>  to replace it with another command,
or  <return>  to continue without it.


! LaTeX Error: Missing \begin{document}.

See the LaTeX manual or LaTeX Companion for explanation.
Type  H <return>  for immediate help.
 ...                                              
                                                  
l.9 \begin{figure}[
                 H]
You're in trouble here.  Try typing  <return>  to proceed.
If that doesn't work, type  X <return>  to quit.

! Undefined control sequence.
l.11   \includegraphics
                     [width=15cm]{图2-1}
The control sequence at the end of the top line
of your error message was never \def'ed. If you have
misspelled it (e.g., `\hobx'), type `I' and the correct
spelling (e.g., `I\hbox'). Otherwise just continue,
and I'll forget about whatever was undefined.


! LaTeX Error: \caption outside float.

See the LaTeX manual or LaTeX Companion for explanation.
Type  H <return>  for immediate help.
 ...                                              
                                                  
l.12   \caption
             {Bochs Screenshort}
You're in trouble here.  Try typing  <return>  to proceed.
If that doesn't work, type  X <return>  to quit.


! LaTeX Error: \begin{document} ended by \end{figure}.

See the LaTeX manual or LaTeX Companion for explanation.
Type  H <return>  for immediate help.
 ...                                              
                                                  
l.14 \end{figure}
               
Your command was ignored.
Type  I <command> <return>  to replace it with another command,
or  <return>  to continue without it.


Overfull \hbox (20.0pt too wide) in paragraph at lines 9--15
[][H]
 []


! LaTeX Error: Missing \begin{document}.

See the LaTeX manual or LaTeX Companion for explanation.
Type  H <return>  for immediate help.
 ...                                              
                                                  
l.16 寄
      存器\texttt{CS:IP}会被赋予一个初值：\texttt{F000:FFF0}。之...

You're in trouble here.  Try typing  <return>  to proceed.
If that doesn't work, type  X <return>  to quit.


Overfull \hbox (93.5pt too wide) in paragraph at lines 16--18
[]寄存器\TU/lmtt/m/n/10 CS:IP\nullfont 会被赋予一个初值：\TU/lmtt/m
/n/10 F000:FFF0\nullfont 。之后，CPU将
 []


! LaTeX Error: Environment asmcode undefined.

See the LaTeX manual or LaTeX Companion for explanation.
Type  H <return>  for immediate help.
 ...                                              
                                                  
l.19 \begin{asmcode}
                  
Your command was ignored.
Type  I <command> <return>  to replace it with another command,
or  <return>  to continue without it.


! LaTeX Error: Missing \begin{document}.

See the LaTeX manual or LaTeX Companion for explanation.
Type  H <return>  for immediate help.
 ...                                              
                                                  
l.20 j
    mp for f000:e05b
You're in trouble here.  Try typing  <return>  to proceed.
If that doesn't work, type  X <return>  to quit.


! LaTeX Error: \begin{document} ended by \end{asmcode}.

See the LaTeX manual or LaTeX Companion for explanation.
Type  H <return>  for immediate help.
 ...                                              
                                                  
l.21 \end{asmcode}
                
Your command was ignored.
Type  I <command> <return>  to replace it with another command,
or  <return>  to continue without it.


Overfull \hbox (20.0pt too wide) in paragraph at lines 20--22
[]jmp
 []


! LaTeX Error: Missing \begin{document}.

See the LaTeX manual or LaTeX Companion for explanation.
Type  H <return>  for immediate help.
 ...                                              
                                                  
l.23 \texttt{JMP}
               ，顾名思义就是要跳转到内存中的\texttt{F000:E05...
You're in trouble here.  Try typing  <return>  to proceed.
If that doesn't work, type  X <return>  to quit.


Overfull \hbox (83.0pt too wide) in paragraph at lines 23--26
[]\TU/lmtt/m/n/10 JMP\nullfont ，顾名思义就是要跳转到内存中的\TU
/lmtt/m/n/10 F000:E05B\nullfont 这个地址，
 []


Overfull \hbox (15.75pt too wide) in paragraph at lines 23--26
这里就是BIOS待机的地方，\TU/lmtt/m/n/10 JMP\nullfont 到这之后BIOS
被唤醒，从CPU上交接到软
 []


! LaTeX Error: Missing \begin{document}.

See the LaTeX manual or LaTeX Companion for explanation.
Type  H <return>  for immediate help.
 ...                                              
                                                  
l.27 而
      BIOS要干的事情就是：
You're in trouble here.  Try typing  <return>  to proceed.
If that doesn't work, type  X <return>  to quit.


Overfull \hbox (20.0pt too wide) in paragraph at lines 27--28
[]而BIOS要干的事情就是： 
 []


Overfull \hbox (31.5pt too wide) in paragraph at lines 32--33
跳转到\TU/lmtt/m/n/10 0x7C00\nullfont 。 
 []

! Undefined control sequence.
l.35 \section
           {MBR的工作}
The control sequence at the end of the top line
of your error message was never \def'ed. If you have
misspelled it (e.g., `\hobx'), type `I' and the correct
spelling (e.g., `I\hbox'). Otherwise just continue,
and I'll forget about whatever was undefined.


Overfull \hbox (20.0pt too wide) in paragraph at lines 35--40
[]MBR的工作
 []


Overfull \hbox (31.5pt too wide) in paragraph at lines 35--40
Record，主引导扇区。BIOS在\TU/lmtt/m/n/10 0x7C00\nullfont 处把CPU的
控制权交由MBR之后，将会再次进入待机状态，而到这，
 []


! LaTeX Error: Environment asmcode undefined.

See the LaTeX manual or LaTeX Companion for explanation.
Type  H <return>  for immediate help.
 ...                                              
                                                  
l.41 \begin{asmcode}
                  
Your command was ignored.
Type  I <command> <return>  to replace it with another command,
or  <return>  to continue without it.


Overfull \hbox (20.0pt too wide) in paragraph at lines 42--43
[]SECTION
 []

LaTeX Font Info:    External font `cmex10' loaded for size
(Font)              <7> on input line 44.
LaTeX Font Info:    External font `cmex10' loaded for size
(Font)              <5> on input line 44.

! LaTeX Error: \begin{document} ended by \end{asmcode}.

See the LaTeX manual or LaTeX Companion for explanation.
Type  H <return>  for immediate help.
 ...                                              
                                                  
l.48 \end{asmcode}
                
Your command was ignored.
Type  I <command> <return>  to replace it with another command,
or  <return>  to continue without it.

! Missing $ inserted.
<inserted text> 
$
l.48 \end{asmcode}
                
I've inserted something that you may have forgotten.
(See the <inserted text> above.)
With luck, this will get me unwedged. But if you
really didn't forget anything, try typing `2' now; then
my insertion and my current dilemma will both disappear.

Missing character: There is no 意 (U+610F) in font cmr10!
Missing character: There is no 意 (U+610F) in font cmr10!
Missing character: There is no 思 (U+601D) in font cmr10!
Missing character: There is no 思 (U+601D) in font cmr10!
Missing character: There is no 是 (U+662F) in font cmr10!
Missing character: There is no 是 (U+662F) in font cmr10!
Missing character: There is no 本 (U+672C) in font cmr10!
Missing character: There is no 本 (U+672C) in font cmr10!
Missing character: There is no 行 (U+884C) in font cmr10!
Missing character: There is no 行 (U+884C) in font cmr10!
Missing character: There is no 到 (U+5230) in font cmr10!
Missing character: There is no 到 (U+5230) in font cmr10!
Missing character: There is no 本 (U+672C) in font cmr10!
Missing character: There is no 的 (U+7684) in font cmr10!
Missing character: There is no 的 (U+7684) in font cmr10!
Missing character: There is no 偏 (U+504F) in font cmr10!
Missing character: There is no 偏 (U+504F) in font cmr10!
Missing character: There is no 移 (U+79FB) in font cmr10!
Missing character: There is no 移 (U+79FB) in font cmr10!
Missing character: There is no 量 (U+91CF) in font cmr10!
Missing character: There is no 量 (U+91CF) in font cmr10!
Missing character: There is no ， (U+FF0C) in font cmr10!
Missing character: There is no 必 (U+5FC5) in font cmr10!
Missing character: There is no 必 (U+5FC5) in font cmr10!
Missing character: There is no 须 (U+987B) in font cmr10!
Missing character: There is no 须 (U+987B) in font cmr10!
Missing character: There is no 得 (U+5F97) in font cmr10!
Missing character: There is no 得 (U+5F97) in font cmr10!
Missing character: There is no 填 (U+586B) in font cmr10!
Missing character: There is no 填 (U+586B) in font cmr10!
Missing character: There is no 满 (U+6EE1) in font cmr10!
Missing character: There is no 满 (U+6EE1) in font cmr10!
Missing character: There is no 个 (U+4E2A) in font cmr10!
Missing character: There is no 个 (U+4E2A) in font cmr10!
Missing character: There is no 字 (U+5B57) in font cmr10!
Missing character: There is no 字 (U+5B57) in font cmr10!
Missing character: There is no 节 (U+8282) in font cmr10!
Missing character: There is no 节 (U+8282) in font cmr10!
Missing character: There is no ， (U+FF0C) in font cmr10!
Missing character: There is no ， (U+FF0C) in font cmr10!
Missing character: There is no 而 (U+800C) in font cmr10!
Missing character: There is no 而 (U+800C) in font cmr10!
Missing character: There is no 最 (U+6700) in font cmr10!
Missing character: There is no 最 (U+6700) in font cmr10!
Missing character: There is no 后 (U+540E) in font cmr10!
Missing character: There is no 后 (U+540E) in font cmr10!
Missing character: There is no 两 (U+4E24) in font cmr10!
Missing character: There is no 两 (U+4E24) in font cmr10!
Missing character: There is no 个 (U+4E2A) in font cmr10!
Missing character: There is no 个 (U+4E2A) in font cmr10!
Missing character: There is no 是 (U+662F) in font cmr10!
Missing character: There is no 是 (U+662F) in font cmr10!
Missing character: There is no 固 (U+56FA) in font cmr10!
Missing character: There is no 固 (U+56FA) in font cmr10!
Missing character: There is no 定 (U+5B9A) in font cmr10!
Missing character: There is no 定 (U+5B9A) in font cmr10!
Missing character: There is no 的 (U+7684) in font cmr10!
Missing character: There is no 的 (U+7684) in font cmr10!
Missing character: There is no 和 (U+548C) in font cmr10!
Missing character: There is no 和 (U+548C) in font cmr10!
Missing character: There is no ， (U+FF0C) in font cmr10!
Missing character: There is no ， (U+FF0C) in font cmr10!
Missing character: There is no 所 (U+6240) in font cmr10!
Missing character: There is no 所 (U+6240) in font cmr10!
Missing character: There is no 以 (U+4EE5) in font cmr10!
Missing character: There is no 以 (U+4EE5) in font cmr10!
Missing character: There is no 剩 (U+5269) in font cmr10!
Missing character: There is no 剩 (U+5269) in font cmr10!
Missing character: There is no 下 (U+4E0B) in font cmr10!
Missing character: There is no 下 (U+4E0B) in font cmr10!
Missing character: There is no 空 (U+7A7A) in font cmr10!
Missing character: There is no 空 (U+7A7A) in font cmr10!
Missing character: There is no 着 (U+7740) in font cmr10!
Missing character: There is no 着 (U+7740) in font cmr10!
Missing character: There is no 的 (U+7684) in font cmr10!
Missing character: There is no 的 (U+7684) in font cmr10!
Missing character: There is no 部 (U+90E8) in font cmr10!
Missing character: There is no 部 (U+90E8) in font cmr10!
Missing character: There is no 分 (U+5206) in font cmr10!
Missing character: There is no 分 (U+5206) in font cmr10!
Missing character: There is no 我 (U+6211) in font cmr10!
Missing character: There is no 我 (U+6211) in font cmr10!
Missing character: There is no 们 (U+4EEC) in font cmr10!
Missing character: There is no 们 (U+4EEC) in font cmr10!
Missing character: There is no 用 (U+7528) in font cmr10!
Missing character: There is no 用 (U+7528) in font cmr10!
Missing character: There is no 来 (U+6765) in font cmr10!
Missing character: There is no 来 (U+6765) in font cmr10!
Missing character: There is no 填 (U+586B) in font cmr10!
Missing character: There is no 填 (U+586B) in font cmr10!
Missing character: There is no 充 (U+5145) in font cmr10!
Missing character: There is no 充 (U+5145) in font cmr10!
Missing character: There is no ， (U+FF0C) in font cmr10!
Missing character: There is no ， (U+FF0C) in font cmr10!
Missing character: There is no 该 (U+8BE5) in font cmr10!
Missing character: There is no 该 (U+8BE5) in font cmr10!
Missing character: There is no 行 (U+884C) in font cmr10!
Missing character: There is no 行 (U+884C) in font cmr10!
Missing character: There is no 代 (U+4EE3) in font cmr10!
Missing character: There is no 代 (U+4EE3) in font cmr10!
Missing character: There is no 码 (U+7801) in font cmr10!
Missing character: There is no 码 (U+7801) in font cmr10!
Missing character: There is no 也 (U+4E5F) in font cmr10!
Missing character: There is no 也 (U+4E5F) in font cmr10!
Missing character: There is no 正 (U+6B63) in font cmr10!
Missing character: There is no 正 (U+6B63) in font cmr10!
Missing character: There is no 为 (U+4E3A) in font cmr10!
Missing character: There is no 为 (U+4E3A) in font cmr10!
Missing character: There is no 此 (U+6B64) in font cmr10!
Missing character: There is no 此 (U+6B64) in font cmr10!
Missing character: There is no 目 (U+76EE) in font cmr10!
Missing character: There is no 目 (U+76EE) in font cmr10!
Missing character: There is no 的 (U+7684) in font cmr10!
Missing character: There is no 的 (U+7684) in font cmr10!
Missing character: There is no 而 (U+800C) in font cmr10!
Missing character: There is no 而 (U+800C) in font cmr10!
Missing character: There is no 存 (U+5B58) in font cmr10!
Missing character: There is no 存 (U+5B58) in font cmr10!
Missing character: There is no 在 (U+5728) in font cmr10!
Missing character: There is no 在 (U+5728) in font cmr10!
Missing character: There is no 。 (U+3002) in font cmr10!
Missing character: There is no 结 (U+7ED3) in font cmr10!
Missing character: There is no 结 (U+7ED3) in font cmr10!
Missing character: There is no 束 (U+675F) in font cmr10!

Overfull \hbox (20.0pt too wide) in paragraph at lines 44--49
[]times
 []


Overfull \hbox (217.23476pt too wide) in paragraph at lines 44--49
($\OMS/cmsy/m/n/10 ^^@$$\OT1/cmr/m/n/10 )\OML/cmm/m/it/10 db\OT1/cmr/m/n/10 0;$
\nullfont 表示本行所在的地址，$\OMS/cmsy/m/n/10 ^^@$$\OML/cmm/m/it/10
 sectionMBR\OT1/cmr/m/n/10 5120\OML/cmm/m/it/10 x\OT1/cmr/m/n/10 550\OML/cmm/m/
it/10 xaa\OT1/cmr/m/n/10 0\OML/cmm/m/it/10 db\OT1/cmr/m/n/10 0\OML/cmm/m/it/10 
x\OT1/cmr/m/n/10 55\OML/cmm/m/it/10 ; \OT1/cmr/m/n/10 0\OML/cmm/m/it/10 xaa\OT1
/cmr/m/n/10 ; $ 
 []


Overfull \hbox (20.0pt too wide) in paragraph at lines 50--52
[]这样我们就拥有了一个很小很小的MBR，当然只是这样做的
话太不优雅了，屏幕上可能会有很
 []


! LaTeX Error: Environment asmcode undefined.

See the LaTeX manual or LaTeX Companion for explanation.
Type  H <return>  for immediate help.
 ...                                              
                                                  
l.53 \begin{asmcode}
                  
Your command was ignored.
Type  I <command> <return>  to replace it with another command,
or  <return>  to continue without it.

! Missing $ inserted.
<inserted text> 
$
l.76 
   
I've inserted a begin-math/end-math symbol since I think
you left one out. Proceed, with fingers crossed.

Missing character: There is no 无 (U+65E0) in font cmr10!
Missing character: There is no 无 (U+65E0) in font cmr10!
Missing character: There is no 限 (U+9650) in font cmr10!
Missing character: There is no 限 (U+9650) in font cmr10!
Missing character: There is no 循 (U+5FAA) in font cmr10!
Missing character: There is no 循 (U+5FAA) in font cmr10!
Missing character: There is no 环 (U+73AF) in font cmr10!
Missing character: There is no 串 (U+4E32) in font cmr10!
Missing character: There is no 串 (U+4E32) in font cmr10!
Missing character: There is no 地 (U+5730) in font cmr10!
Missing character: There is no 地 (U+5730) in font cmr10!
Missing character: There is no 址 (U+5740) in font cmr10!
Missing character: There is no 串 (U+4E32) in font cmr10!
Missing character: There is no 串 (U+4E32) in font cmr10!
Missing character: There is no 长 (U+957F) in font cmr10!
Missing character: There is no 长 (U+957F) in font cmr10!
Missing character: There is no 度 (U+5EA6) in font cmr10!
Missing character: There is no 页 (U+9875) in font cmr10!
Missing character: There is no 页 (U+9875) in font cmr10!
Missing character: There is no 号 (U+53F7) in font cmr10!
Missing character: There is no 号 (U+53F7) in font cmr10!
Missing character: There is no 为 (U+4E3A) in font cmr10!
Missing character: There is no 为 (U+4E3A) in font cmr10!
Missing character: There is no 黑 (U+9ED1) in font cmr10!
Missing character: There is no 黑 (U+9ED1) in font cmr10!
Missing character: There is no 底 (U+5E95) in font cmr10!
Missing character: There is no 底 (U+5E95) in font cmr10!
Missing character: There is no 红 (U+7EA2) in font cmr10!
Missing character: There is no 红 (U+7EA2) in font cmr10!
Missing character: There is no 字 (U+5B57) in font cmr10!
Missing character: There is no 字 (U+5B57) in font cmr10!
Missing character: There is no 高 (U+9AD8) in font cmr10!
Missing character: There is no 高 (U+9AD8) in font cmr10!
Missing character: There is no 亮 (U+4EAE) in font cmr10!
Missing character: There is no 亮 (U+4EAE) in font cmr10!
Missing character: There is no 号 (U+53F7) in font cmr10!
Missing character: There is no 号 (U+53F7) in font cmr10!
Missing character: There is no 中 (U+4E2D) in font cmr10!
Missing character: There is no 中 (U+4E2D) in font cmr10!
Missing character: There is no 断 (U+65AD) in font cmr10!

Overfull \hbox (20.0pt too wide) in paragraph at lines 54--76
[]org
 []


Overfull \hbox (46.82953pt too wide) in paragraph at lines 54--76
\OT1/cmr/m/n/10 ; \OML/cmm/m/it/10 DispStr \OT1/cmr/m/n/10 :
 []


Overfull \hbox (163.83325pt too wide) in paragraph at lines 54--76
\OML/cmm/m/it/10 movax; BootMessagemovbp; ax\OT1/cmr/m/n/10 ; \OML/cmm/m/it/10 
ES \OT1/cmr/m/n/10 :
 []


Overfull \hbox (26.45135pt too wide) in paragraph at lines 54--76
\OML/cmm/m/it/10 BP \OT1/cmr/m/n/10 =
 []


Overfull \hbox (75.25249pt too wide) in paragraph at lines 54--76
\OML/cmm/m/it/10 movcx; \OT1/cmr/m/n/10 16; \OML/cmm/m/it/10 CX \OT1/cmr/m/n/10
 =
 []


Overfull \hbox (96.66551pt too wide) in paragraph at lines 54--76
\OML/cmm/m/it/10 movax; \OT1/cmr/m/n/10 01301\OML/cmm/m/it/10 h\OT1/cmr/m/n/10 
; \OML/cmm/m/it/10 AH \OT1/cmr/m/n/10 =
 []


Overfull \hbox (39.30554pt too wide) in paragraph at lines 54--76
\OT1/cmr/m/n/10 13\OML/cmm/m/it/10 ; AL \OT1/cmr/m/n/10 =
 []


Overfull \hbox (115.23613pt too wide) in paragraph at lines 54--76
\OT1/cmr/m/n/10 01\OML/cmm/m/it/10 hmovbx; \OT1/cmr/m/n/10 000\OML/cmm/m/it/10 
ch\OT1/cmr/m/n/10 ; 0(\OML/cmm/m/it/10 BH \OT1/cmr/m/n/10 =
 []


Overfull \hbox (38.22571pt too wide) in paragraph at lines 54--76
\OT1/cmr/m/n/10 0)(\OML/cmm/m/it/10 BL \OT1/cmr/m/n/10 =
 []


Overfull \hbox (192.54503pt too wide) in paragraph at lines 54--76
\OT1/cmr/m/n/10 0\OML/cmm/m/it/10 Ch; \OT1/cmr/m/n/10 )\OML/cmm/m/it/10 movdl; 
\OT1/cmr/m/n/10 0\OML/cmm/m/it/10 int\OT1/cmr/m/n/10 10\OML/cmm/m/it/10 h\OT1/c
mr/m/n/10 ; 10\OML/cmm/m/it/10 hretBootMessage \OT1/cmr/m/n/10 :
 []


Overfull \hbox (91.7725pt too wide) in paragraph at lines 54--76
\OML/cmm/m/it/10 db\OT1/cmr/m/n/10 "\OML/cmm/m/it/10 Hello; OSworld\OT1/cmr/m/n
/10 !"$ 
 []


! LaTeX Error: \begin{document} ended by \end{asmcode}.

See the LaTeX manual or LaTeX Companion for explanation.
Type  H <return>  for immediate help.
 ...                                              
                                                  
l.79 \end{asmcode}
                
Your command was ignored.
Type  I <command> <return>  to replace it with another command,
or  <return>  to continue without it.

! Missing $ inserted.
<inserted text> 
$
l.79 \end{asmcode}
                
I've inserted something that you may have forgotten.
(See the <inserted text> above.)
With luck, this will get me unwedged. But if you
really didn't forget anything, try typing `2' now; then
my insertion and my current dilemma will both disappear.

Missing character: There is no 填 (U+586B) in font cmr10!
Missing character: There is no 填 (U+586B) in font cmr10!
Missing character: There is no 充 (U+5145) in font cmr10!
Missing character: There is no 充 (U+5145) in font cmr10!
Missing character: There is no 剩 (U+5269) in font cmr10!
Missing character: There is no 剩 (U+5269) in font cmr10!
Missing character: There is no 下 (U+4E0B) in font cmr10!
Missing character: There is no 下 (U+4E0B) in font cmr10!
Missing character: There is no 的 (U+7684) in font cmr10!
Missing character: There is no 的 (U+7684) in font cmr10!
Missing character: There is no 空 (U+7A7A) in font cmr10!
Missing character: There is no 空 (U+7A7A) in font cmr10!
Missing character: There is no 间 (U+95F4) in font cmr10!
Missing character: There is no 间 (U+95F4) in font cmr10!
Missing character: There is no ， (U+FF0C) in font cmr10!
Missing character: There is no ， (U+FF0C) in font cmr10!
Missing character: There is no 使 (U+4F7F) in font cmr10!
Missing character: There is no 使 (U+4F7F) in font cmr10!
Missing character: There is no 生 (U+751F) in font cmr10!
Missing character: There is no 生 (U+751F) in font cmr10!
Missing character: There is no 成 (U+6210) in font cmr10!
Missing character: There is no 成 (U+6210) in font cmr10!
Missing character: There is no 的 (U+7684) in font cmr10!
Missing character: There is no 的 (U+7684) in font cmr10!
Missing character: There is no 二 (U+4E8C) in font cmr10!
Missing character: There is no 二 (U+4E8C) in font cmr10!
Missing character: There is no 进 (U+8FDB) in font cmr10!
Missing character: There is no 进 (U+8FDB) in font cmr10!
Missing character: There is no 制 (U+5236) in font cmr10!
Missing character: There is no 制 (U+5236) in font cmr10!
Missing character: There is no 代 (U+4EE3) in font cmr10!
Missing character: There is no 代 (U+4EE3) in font cmr10!
Missing character: There is no 码 (U+7801) in font cmr10!
Missing character: There is no 码 (U+7801) in font cmr10!
Missing character: There is no 恰 (U+6070) in font cmr10!
Missing character: There is no 恰 (U+6070) in font cmr10!
Missing character: There is no 好 (U+597D) in font cmr10!
Missing character: There is no 好 (U+597D) in font cmr10!
Missing character: There is no 为 (U+4E3A) in font cmr10!
Missing character: There is no 为 (U+4E3A) in font cmr10!
Missing character: There is no 字 (U+5B57) in font cmr10!
Missing character: There is no 字 (U+5B57) in font cmr10!
Missing character: There is no 节 (U+8282) in font cmr10!
Missing character: There is no 结 (U+7ED3) in font cmr10!
Missing character: There is no 结 (U+7ED3) in font cmr10!
Missing character: There is no 束 (U+675F) in font cmr10!
Missing character: There is no 束 (U+675F) in font cmr10!
Missing character: There is no 标 (U+6807) in font cmr10!
Missing character: There is no 标 (U+6807) in font cmr10!
Missing character: There is no 志 (U+5FD7) in font cmr10!

Overfull \hbox (20.0pt too wide) in paragraph at lines 77--80
[]times
 []


Overfull \hbox (93.97232pt too wide) in paragraph at lines 77--80
($\OMS/cmsy/m/n/10 ^^@$$\OT1/cmr/m/n/10 )\OML/cmm/m/it/10 db\OT1/cmr/m/n/10 0; 
512\OML/cmm/m/it/10 dw\OT1/cmr/m/n/10 0\OML/cmm/m/it/10 xaa\OT1/cmr/m/n/10 55; 
$ 
 []

! Undefined control sequence.
<write> ...rning: Reference `fig:img2-1' on page \thepage 
                                                  \space undefined\on@line .
l.81 如图\ref{fig:img2-1}
                         ，一个最小的操作系统就诞生了！
The control sequence at the end of the top line
of your error message was never \def'ed. If you have
misspelled it (e.g., `\hobx'), type `I' and the correct
spelling (e.g., `I\hbox'). Otherwise just continue,
and I'll forget about whatever was undefined.


LaTeX Warning: Reference `fig:img2-1' on page  undefined on input line 81.


Overfull \hbox (30.85999pt too wide) in paragraph at lines 81--82
[]如图[]，一个最小的操作系统就诞生了！ 
 []


! LaTeX Error: Environment figure undefined.

See the LaTeX manual or LaTeX Companion for explanation.
Type  H <return>  for immediate help.
 ...                                              
                                                  
l.83 \begin{figure}
                 [H]
Your command was ignored.
Type  I <command> <return>  to replace it with another command,
or  <return>  to continue without it.

! Undefined control sequence.
l.85   \includegraphics
                     [width=15cm]{图2-2}
The control sequence at the end of the top line
of your error message was never \def'ed. If you have
misspelled it (e.g., `\hobx'), type `I' and the correct
spelling (e.g., `I\hbox'). Otherwise just continue,
and I'll forget about whatever was undefined.


! LaTeX Error: \caption outside float.

See the LaTeX manual or LaTeX Companion for explanation.
Type  H <return>  for immediate help.
 ...                                              
                                                  
l.86   \caption
             {Hello, OS World!}
You're in trouble here.  Try typing  <return>  to proceed.
If that doesn't work, type  X <return>  to quit.


! LaTeX Error: \begin{document} ended by \end{figure}.

See the LaTeX manual or LaTeX Companion for explanation.
Type  H <return>  for immediate help.
 ...                                              
                                                  
l.88 \end{figure}
               
Your command was ignored.
Type  I <command> <return>  to replace it with another command,
or  <return>  to continue without it.


Overfull \hbox (20.0pt too wide) in paragraph at lines 83--89
[][H]
 []

! Undefined control sequence.
\@footnotetext ...tins {\reset@font \footnotesize 
                                                  \interlinepenalty \interfo...
l.93   绵羊所以就把我的OS叫做SheepOS了}
                                                。
The control sequence at the end of the top line
of your error message was never \def'ed. If you have
misspelled it (e.g., `\hobx'), type `I' and the correct
spelling (e.g., `I\hbox'). Otherwise just continue,
and I'll forget about whatever was undefined.

! Undefined control sequence.
\@footnotetext ...}\color@begingroup \@makefntext 
                                                  {\rule \z@ \footnotesep \i...
l.93   绵羊所以就把我的OS叫做SheepOS了}
                                                。
The control sequence at the end of the top line
of your error message was never \def'ed. If you have
misspelled it (e.g., `\hobx'), type `I' and the correct
spelling (e.g., `I\hbox'). Otherwise just continue,
and I'll forget about whatever was undefined.


Overfull \hbox (50.40005pt too wide) in paragraph at lines 93--93
[][]\TU/lmr/m/n/10 我󰀀自󰀀己󰀀给󰀀它󰀀取󰀀的󰀀一󰀀个
󰀀名󰀀字󰀀，󰀀因󰀀为󰀀我󰀀很󰀀喜󰀀欢󰀀
 []


Overfull \hbox (70.23003pt too wide) in paragraph at lines 93--93
\TU/lmr/m/n/10 绵󰀀羊󰀀所󰀀以󰀀就󰀀把󰀀我󰀀的󰀀OS叫
󰀀做󰀀Sheep-
 []


Overfull \hbox (16.14pt too wide) in paragraph at lines 93--93
\TU/lmr/m/n/10 OS了󰀀| 
 []


Overfull \hbox (46.1pt too wide) in paragraph at lines 90--95
[]整个界面干干净净，且仅有我们刚刚代码中打印出的\TU/lmr/
m/it/10 Hello,
 []


Overfull \hbox (13.29pt too wide) in paragraph at lines 90--95
\TU/lmr/m/it/10 OS
 []


Overfull \hbox (30.17001pt too wide) in paragraph at lines 90--95
\TU/lmr/m/it/10 World!\nullfont 字样，这小小的512个字
 []


Overfull \hbox (4.483pt too wide) in paragraph at lines 90--95
立在该基础之上，一步一步的来完善我的SheepOS[]。
 []

! Undefined control sequence.
l.96 \section
           {Loader的工作}
The control sequence at the end of the top line
of your error message was never \def'ed. If you have
misspelled it (e.g., `\hobx'), type `I' and the correct
spelling (e.g., `I\hbox'). Otherwise just continue,
and I'll forget about whatever was undefined.


Overfull \hbox (20.0pt too wide) in paragraph at lines 96--99
[]Loader的工作
 []

! Undefined control sequence.
<write> ...rning: Reference `fig:neicun' on page \thepage 
                                                  \space undefined\on@line .
l.105 ...要搬运到哪呢？如图\ref{fig:neicun}
                                                  ：
The control sequence at the end of the top line
of your error message was never \def'ed. If you have
misspelled it (e.g., `\hobx'), type `I' and the correct
spelling (e.g., `I\hbox'). Otherwise just continue,
and I'll forget about whatever was undefined.


LaTeX Warning: Reference `fig:neicun' on page  undefined on input line 105.


Overfull \hbox (10.85999pt too wide) in paragraph at lines 104--106
扇区，所以就需要MBR去硬盘的第二扇区寻找Loader。找到Loader
后要搬运到哪呢？如图[]： 
 []


! LaTeX Error: Environment figure undefined.

See the LaTeX manual or LaTeX Companion for explanation.
Type  H <return>  for immediate help.
 ...                                              
                                                  
l.107 \begin{figure}
                  [H]
Your command was ignored.
Type  I <command> <return>  to replace it with another command,
or  <return>  to continue without it.

! Undefined control sequence.
l.109   \includegraphics
                      [width=15cm]{图2-0}
The control sequence at the end of the top line
of your error message was never \def'ed. If you have
misspelled it (e.g., `\hobx'), type `I' and the correct
spelling (e.g., `I\hbox'). Otherwise just continue,
and I'll forget about whatever was undefined.


! LaTeX Error: \caption outside float.

See the LaTeX manual or LaTeX Companion for explanation.
Type  H <return>  for immediate help.
 ...                                              
                                                  
l.110   \caption
              {实模式下的内存布局}
You're in trouble here.  Try typing  <return>  to proceed.
If that doesn't work, type  X <return>  to quit.


! LaTeX Error: \begin{document} ended by \end{figure}.

See the LaTeX manual or LaTeX Companion for explanation.
Type  H <return>  for immediate help.
 ...                                              
                                                  
l.112 \end{figure}
                
Your command was ignored.
Type  I <command> <return>  to replace it with another command,
or  <return>  to continue without it.


Overfull \hbox (20.0pt too wide) in paragraph at lines 107--113
[][H]
 []


Overfull \hbox (177.85pt too wide) in paragraph at lines 114--116
[]有两个可用的区域\TU/lmtt/m/n/10 0x7E00～󰀀0x9FBFF\nullfont 和\TU/
lmtt/m/n/10 0x500～󰀀0x7BFF\nullfont ,我选择把它放在\TU/lmtt/m/n/10 0x
900\nullfont 这个地方，所以最终MBR
 []


Overfull \hbox (26.25pt too wide) in paragraph at lines 114--116
就会把Loader搬运到\TU/lmtt/m/n/10 0x900\nullfont 这个地方。 
 []

! Undefined control sequence.
l.117 \section
            {内核的启动}
The control sequence at the end of the top line
of your error message was never \def'ed. If you have
misspelled it (e.g., `\hobx'), type `I' and the correct
spelling (e.g., `I\hbox'). Otherwise just continue,
and I'll forget about whatever was undefined.

! Undefined control sequence.
l.119 \subsection
               {从实模式到保护模式}
The control sequence at the end of the top line
of your error message was never \def'ed. If you have
misspelled it (e.g., `\hobx'), type `I' and the correct
spelling (e.g., `I\hbox'). Otherwise just continue,
and I'll forget about whatever was undefined.


Overfull \hbox (20.0pt too wide) in paragraph at lines 117--122
[]内核的启动
 []


Overfull \hbox (26.25pt too wide) in paragraph at lines 117--122
在Loader被搬运到\TU/lmtt/m/n/10 0x900\nullfont 之后，需要将操作
系统由实模式转变到保护模式，原因在于： 
 []


! LaTeX Error: Environment ccode undefined.

See the LaTeX manual or LaTeX Companion for explanation.
Type  H <return>  for immediate help.
 ...                                              
                                                  
l.136 \begin{ccode}
                 
Your command was ignored.
Type  I <command> <return>  to replace it with another command,
or  <return>  to continue without it.

! Missing $ inserted.
<inserted text> 
$
l.138 or al, 0000_
                0010B
I've inserted a begin-math/end-math symbol since I think
you left one out. Proceed, with fingers crossed.


! LaTeX Error: \begin{document} ended by \end{ccode}.

See the LaTeX manual or LaTeX Companion for explanation.
Type  H <return>  for immediate help.
 ...                                              
                                                  
l.140 \end{ccode}
               
Your command was ignored.
Type  I <command> <return>  to replace it with another command,
or  <return>  to continue without it.

! Missing $ inserted.
<inserted text> 
$
l.140 \end{ccode}
               
I've inserted something that you may have forgotten.
(See the <inserted text> above.)
With luck, this will get me unwedged. But if you
really didn't forget anything, try typing `2' now; then
my insertion and my current dilemma will both disappear.


! LaTeX Error: Environment ccode undefined.

See the LaTeX manual or LaTeX Companion for explanation.
Type  H <return>  for immediate help.
 ...                                              
                                                  
l.144 \begin{ccode}
                 
Your command was ignored.
Type  I <command> <return>  to replace it with another command,
or  <return>  to continue without it.


! LaTeX Error: \begin{document} ended by \end{ccode}.

See the LaTeX manual or LaTeX Companion for explanation.
Type  H <return>  for immediate help.
 ...                                              
                                                  
l.148 \end{ccode}
               
Your command was ignored.
Type  I <command> <return>  to replace it with another command,
or  <return>  to continue without it.

! Undefined control sequence.
<recently read> \subsection 
            
l.150 \subsection
               {内核初始化}
The control sequence at the end of the top line
of your error message was never \def'ed. If you have
misspelled it (e.g., `\hobx'), type `I' and the correct
spelling (e.g., `I\hbox'). Otherwise just continue,
and I'll forget about whatever was undefined.


! LaTeX Error: Environment ccode undefined.

See the LaTeX manual or LaTeX Companion for explanation.
Type  H <return>  for immediate help.
 ...                                              
                                                  
l.152 \begin{ccode}
                 
Your command was ignored.
Type  I <command> <return>  to replace it with another command,
or  <return>  to continue without it.


! LaTeX Error: \begin{document} ended by \end{ccode}.

See the LaTeX manual or LaTeX Companion for explanation.
Type  H <return>  for immediate help.
 ...                                              
                                                  
l.158 \end{ccode}
               
Your command was ignored.
Type  I <command> <return>  to replace it with another command,
or  <return>  to continue without it.


Overfull \hbox (21.0pt too wide) in paragraph at lines 130--162
“GDT”。因此第一步就是打开A20地址线，让操作系统能够访
问更大的空间，方法也很简单，就是把\TU/lmtt/m/n/10 0x92
 []


Overfull \hbox (75.3821pt too wide) in paragraph at lines 130--162
0000$[][]\OT1/cmr/m/n/10 010\OML/cmm/m/it/10 Bout\OT1/cmr/m/n/10 0\OML/cmm/m/it
/10 x\OT1/cmr/m/n/10 92\OML/cmm/m/it/10 ; al$
 []

)
! Emergency stop.
<*> ch2.tex
        
*** (job aborted, no legal \end found)



Here is how much of LuaTeX's memory you used:
 36 strings out of 478382
 100000,1977958 words of node,token memory allocated 23939 words of node memory still in use:
   156 hlist, 2 rule, 1 ins, 6 disc, 36 local_par, 1 dir, 17 math, 504 glue, 72 
kern, 113 penalty, 2376 glyph, 1 page_insert, 239 attribute, 39 glue_spec, 239 a
ttribute_list, 8 write nodes
   avail lists: 2:2,3:98,4:41,5:8,7:35,8:178,10:40
 20266 multiletter control sequences out of 65536+600000
 29 fonts using 1866207 bytes
 21i,5n,19p,198b,125s stack positions out of 10000i,1000n,20000p,200000b,200000s
!  ==> Fatal error occurred, no output PDF file produced!
